Start testing: Nov 30 22:19 CET
----------------------------------------------------------
1/1 Testing: CommonPthreadError
1/1 Test: CommonPthreadError
Command: "/usr/bin/perl" "/home/kouadikj/ENSIMAG/2A-ISI/Semestre-1/SEPC/TP3-Thread/ensimag-video/C/tests/pthcocci.pl"
Directory: /home/kouadikj/ENSIMAG/2A-ISI/Semestre-1/SEPC/TP3-Thread/ensimag-video/C/build
"CommonPthreadError" start time: Nov 30 22:19 CET
Output:
----------------------------------------------------------
<end of output>
Test time =   0.16 sec
----------------------------------------------------------
Test Passed.
"CommonPthreadError" end time: Nov 30 22:19 CET
"CommonPthreadError" time elapsed: 00:00:00
----------------------------------------------------------

End testing: Nov 30 22:19 CET
